Launching aot_runner -> /workspace/helion-08/helion/examples/demo/03_aot_data
2026-03-12 23:04:45,596 - INFO - Starting new run: 20260312_230445_4d7000
2026-03-12 23:04:45,650 - INFO - Logging to: /workspace/helion-08/helion/examples/demo/03_aot_data/20260312_230445_4d7000/logs/runner_cuda_NVIDIA_H200_12.8.log
2026-03-12 23:04:45,650 - INFO - Starting AOT autotuning workflow
2026-03-12 23:04:45,650 - INFO - Run ID: 20260312_230445_4d7000
2026-03-12 23:04:45,650 - INFO - Run directory: /workspace/helion-08/helion/examples/demo/03_aot_data/20260312_230445_4d7000
2026-03-12 23:04:45,650 - INFO - Hardware ID: cuda_NVIDIA_H200_12.8
2026-03-12 23:04:45,650 - INFO - Performance goal: max_slowdown <= 1.1
2026-03-12 23:04:45,650 - INFO - ============================================================
2026-03-12 23:04:45,650 - INFO - PHASE 1: Collecting tuned configs
2026-03-12 23:04:45,650 - INFO - ============================================================
2026-03-12 23:04:45,650 - INFO - Running collect phase: /workspace/helion-08/.venv/bin/python /workspace/helion-08/helion/examples/demo/03_aot.py
2026-03-12 23:04:45,650 - INFO - Environment overrides: {'HELION_AOT_MODE': 'collect', 'HELION_AOT_DATA_DIR': '/workspace/helion-08/helion/examples/demo/03_aot_data/20260312_230445_4d7000', 'HELION_AUTOTUNE_CACHE': 'AOTAutotuneCache'}
[AOT] Mode: collect, Data dir: /workspace/helion-08/helion/examples/demo/03_aot_data/20260312_230445_4d7000, Hardware: cuda_NVIDIA_H200_12.8
[0s] Starting autotuning process, this may take a while...
[0s] Autotune random seed: 3830163233
[0s] Starting LFBOTreeSearch with initial_population=FROM_DEFAULT, copies=2, max_generations=5, similarity_penalty=1.0
AOT mode: collect
           Shape       ms     GB/s
Initial population precompiling 100% ━━━━━━━━━━━━━━━━━━━━━━━━━━━ 1/1 - configs/s
Initial population exploring neighbors 100% ━━━━━━━━━━━━━━━━━━━━ 1/1 - configs/s
[0s] Adaptive compile timeout: 30s (90% percentile=0.0s, bounds=[30.0s, 60s])
[0s] Initial random population of 1, 1 starting points: 
ok=1
min=0.0071
mid=0.0071
max=0.0071
best={'block_sizes': [1],
 'indexing': ['pointer', 'pointer', 'pointer', 'pointer', 'pointer', 'pointer', 'pointer'],
 'load_eviction_policies': ['', '', '', '', ''],
 'num_stages': 1,
 'num_warps': 4,
 'pid_type': 'flat',
 'range_flattens': [None],
 'range_multi_buffers': [None],
 'range_num_stages': [0],
 'range_unroll_factors': [0],
 'range_warp_specializes': [],
 'reduction_loops': [None]}
[0s] All labels are identical, skip training surrogate.
[0s] Generation 1 starting: 6 neighbors, 1 active search path(s)
Generation 1: precompiling 100% ━━━━━━━━━━━━━━━━━━━━━━━━━━━━━ 7/7 38.7 configs/s
Generation 1: exploring neighbors 100% ━━━━━━━━━━━━━━━━━━━━━━ 7/7 17.3 configs/s
[1s] Generation 1 complete: 
ok=8
min=0.0070
mid=0.0074
max=0.0078
best={'block_sizes': [2],
 'indexing': ['pointer', 'pointer', 'pointer', 'pointer', 'pointer', 'pointer', 'pointer'],
 'load_eviction_policies': ['', '', '', '', ''],
 'num_stages': 1,
 'num_warps': 8,
 'pid_type': 'flat',
 'range_flattens': [None],
 'range_multi_buffers': [None],
 'range_num_stages': [0],
 'range_unroll_factors': [0],
 'range_warp_specializes': [],
 'reduction_loops': [None]}
[1s] Fitting surrogate: 9 points, 9 targets
[1s] Generation 2 starting: 6 neighbors, 1 active search path(s)
Generation 2: precompiling 100% ━━━━━━━━━━━━━━━━━━━━━━━━━━━━━ 6/6 62.8 configs/s
Generation 2: exploring neighbors 100% ━━━━━━━━━━━━━━━━━━━━━━ 6/6 17.8 configs/s
[2s] Generation 2 complete: 
ok=7
min=0.0070
mid=0.0076
max=0.0084
best={'block_sizes': [2],
 'indexing': ['pointer', 'pointer', 'pointer', 'pointer', 'pointer', 'pointer', 'pointer'],
 'load_eviction_policies': ['', '', '', '', ''],
 'num_stages': 1,
 'num_warps': 8,
 'pid_type': 'flat',
 'range_flattens': [None],
 'range_multi_buffers': [None],
 'range_num_stages': [0],
 'range_unroll_factors': [0],
 'range_warp_specializes': [],
 'reduction_loops': [None]}
[2s] Fitting surrogate: 16 points, 16 targets
[2s] Generation 3 starting: 9 neighbors, 1 active search path(s)
Generation 3: precompiling 100% ━━━━━━━━━━━━━━━━━━━━━━━━━━━━━ 9/9 43.0 configs/s
Generation 3: exploring neighbors 100% ━━━━━━━━━━━━━━━━━━━━━━ 9/9 17.3 configs/s
[3s] Generation 3 complete: 
ok=10
min=0.0070
mid=0.0071
max=0.0075
best={'block_sizes': [2],
 'indexing': ['pointer', 'pointer', 'pointer', 'pointer', 'pointer', 'pointer',
              'tensor_descriptor'],
 'load_eviction_policies': ['', 'first', '', '', ''],
 'num_stages': 1,
 'num_warps': 8,
 'pid_type': 'flat',
 'range_flattens': [None],
 'range_multi_buffers': [None],
 'range_num_stages': [0],
 'range_unroll_factors': [0],
 'range_warp_specializes': [],
 'reduction_loops': [None]}
[3s] Fitting surrogate: 26 points, 26 targets
[3s] Generation 4 starting: 17 neighbors, 1 active search path(s)
Generation 4: precompiling 100% ━━━━━━━━━━━━━━━━━━━━━━━━━━━ 17/17 97.9 configs/s
Generation 4: exploring neighbors 100% ━━━━━━━━━━━━━━━━━━━━ 17/17 14.0 configs/s
[5s] Generation 4 complete: 
ok=18
min=0.0066
mid=0.0068
max=0.0070
best={'block_sizes': [1],
 'indexing': ['pointer', 'pointer', 'pointer', 'pointer', 'pointer', 'pointer', 'pointer'],
 'load_eviction_policies': ['', 'first', '', '', ''],
 'num_stages': 1,
 'num_warps': 8,
 'pid_type': 'flat',
 'range_flattens': [None],
 'range_multi_buffers': [None],
 'range_num_stages': [0],
 'range_unroll_factors': [0],
 'range_warp_specializes': [],
 'reduction_loops': [None]}
[5s] Fitting surrogate: 44 points, 44 targets
[6s] Generation 5 starting: 17 neighbors, 1 active search path(s)
Generation 5: precompiling 100% ━━━━━━━━━━━━━━━━━━━━━━━━━━━ 18/18 41.2 configs/s
Generation 5: exploring neighbors 100% ━━━━━━━━━━━━━━━━━━━━ 18/18 16.3 configs/s
[8s] Generation 5 complete: 
ok=19
min=0.0066
mid=0.0070
max=0.0076
best={'block_sizes': [1],
 'indexing': ['pointer', 'pointer', 'pointer', 'pointer', 'pointer', 'pointer', 'pointer'],
 'load_eviction_policies': ['', 'first', '', '', ''],
 'num_stages': 1,
 'num_warps': 8,
 'pid_type': 'flat',
 'range_flattens': [None],
 'range_multi_buffers': [None],
 'range_num_stages': [0],
 'range_unroll_factors': [0],
 'range_warp_specializes': [],
 'reduction_loops': [None]}
[8s] Fitting surrogate: 63 points, 63 targets
[8s] Autotuning complete in 8.4s after searching 58 configs.
One can hardcode the best config and skip autotuning with:
    @helion.kernel(config=helion.Config(block_sizes=[1], indexing=['pointer', 'pointer', 'pointer', 'pointer', 'pointer', 'pointer', 'pointer'], load_eviction_policies=['', 'first', '', '', ''], num_stages=1, num_warps=8, pid_type='flat', range_flattens=[None], range_multi_buffers=[None], range_num_stages=[0], range_unroll_factors=[0], range_warp_specializes=[], reduction_loops=[None]), static_shapes=False)

[8s] Code of selected kernel: /tmp/torchinductor_dev/wg/cwg7idz5bocfylr4ex3kjnq2je4qy3rrbgadjyjauxewqwpfg6as.py
[AOT collect] Saved config for kernel=rms_norm shape_hash=3e833dc2 hashes=[['093fc42f', '6907e9fb'], ['093fc42f', '6907e9fb'], ['78cfa47e']] to /workspace/helion-08/helion/examples/demo/03_aot_data/20260312_230445_4d7000/tuned_configs_cuda_NVIDIA_H200_12.8.json
[0s] Starting autotuning process, this may take a while...
[0s] Autotune random seed: 3830163233
[0s] Starting LFBOTreeSearch with initial_population=FROM_DEFAULT, copies=2, max_generations=5, similarity_penalty=1.0
     (256, 1024)   0.0431     24.3
Initial population precompiling 100% ━━━━━━━━━━━━━━━━━━━━━━━━━━━ 1/1 - configs/s
Initial population exploring neighbors 100% ━━━━━━━━━━━━━━━━━━━━ 1/1 - configs/s
[0s] Adaptive compile timeout: 30s (90% percentile=0.1s, bounds=[30.0s, 30s])
[0s] Initial random population of 1, 1 starting points: 
ok=1
min=0.0071
mid=0.0071
max=0.0071
best={'block_sizes': [1],
 'indexing': ['pointer', 'pointer', 'pointer', 'pointer', 'pointer', 'pointer', 'pointer'],
 'load_eviction_policies': ['', '', '', '', ''],
 'num_stages': 1,
 'num_warps': 4,
 'pid_type': 'flat',
 'range_flattens': [None],
 'range_multi_buffers': [None],
 'range_num_stages': [0],
 'range_unroll_factors': [0],
 'range_warp_specializes': [],
 'reduction_loops': [None]}
[0s] All labels are identical, skip training surrogate.
[0s] Generation 1 starting: 6 neighbors, 1 active search path(s)
Generation 1: precompiling 100% ━━━━━━━━━━━━━━━━━━━━━━━━━━━━━ 7/7 49.4 configs/s
Generation 1: exploring neighbors 100% ━━━━━━━━━━━━━━━━━━━━━━ 7/7 17.3 configs/s
[1s] Generation 1 complete: 
ok=8
min=0.0071
mid=0.0077
max=0.0092
best={'block_sizes': [1],
 'indexing': ['pointer', 'pointer', 'pointer', 'pointer', 'pointer', 'pointer', 'pointer'],
 'load_eviction_policies': ['', '', '', '', ''],
 'num_stages': 1,
 'num_warps': 4,
 'pid_type': 'flat',
 'range_flattens': [None],
 'range_multi_buffers': [None],
 'range_num_stages': [0],
 'range_unroll_factors': [0],
 'range_warp_specializes': [],
 'reduction_loops': [None]}
[1s] Fitting surrogate: 9 points, 9 targets
[1s] Generation 2 starting: 6 neighbors, 1 active search path(s)
Generation 2: precompiling 100% ━━━━━━━━━━━━━━━━━━━━━━━━━━━━━ 7/7 14.0 configs/s
Generation 2: exploring neighbors 100% ━━━━━━━━━━━━━━━━━━━━━━ 7/7 17.5 configs/s
[2s] Generation 2 complete: 
ok=8
min=0.0071
mid=0.0078
max=0.0087
best={'block_sizes': [1],
 'indexing': ['pointer', 'pointer', 'pointer', 'pointer', 'pointer', 'pointer', 'pointer'],
 'load_eviction_policies': ['', '', '', '', ''],
 'num_stages': 1,
 'num_warps': 4,
 'pid_type': 'flat',
 'range_flattens': [None],
 'range_multi_buffers': [None],
 'range_num_stages': [0],
 'range_unroll_factors': [0],
 'range_warp_specializes': [],
 'reduction_loops': [None]}
[2s] Fitting surrogate: 17 points, 17 targets
[2s] Generation 3 starting: 13 neighbors, 1 active search path(s)
Generation 3: precompiling 100% ━━━━━━━━━━━━━━━━━━━━━━━━━━━ 13/13 44.0 configs/s
Generation 3: exploring neighbors 100% ━━━━━━━━━━━━━━━━━━━━ 13/13 16.5 configs/s
[4s] Generation 3 complete: 
ok=15
min=0.0066
mid=0.0070
max=0.0086
best={'block_sizes': [1],
 'indexing': ['pointer', 'pointer', 'pointer', 'pointer', 'pointer', 'pointer', 'pointer'],
 'load_eviction_policies': ['', '', '', '', ''],
 'num_stages': 1,
 'num_warps': 8,
 'pid_type': 'flat',
 'range_flattens': [None],
 'range_multi_buffers': [None],
 'range_num_stages': [0],
 'range_unroll_factors': [0],
 'range_warp_specializes': [],
 'reduction_loops': [None]}
[4s] Fitting surrogate: 32 points, 32 targets
[4s] Generation 4 starting: 13 neighbors, 1 active search path(s)
Generation 4: precompiling 100% ━━━━━━━━━━━━━━━━━━━━━━━━━━━ 14/14 79.7 configs/s
Generation 4: exploring neighbors 100% ━━━━━━━━━━━━━━━━━━━━ 14/14 16.8 configs/s
[6s] Generation 4 complete: 
ok=15
min=0.0065
mid=0.0067
max=0.0086
best={'block_sizes': [1],
 'indexing': ['pointer', 'pointer', 'tensor_descriptor', 'pointer', 'pointer', 'pointer',
              'pointer'],
 'load_eviction_policies': ['', '', '', '', ''],
 'num_stages': 1,
 'num_warps': 8,
 'pid_type': 'flat',
 'range_flattens': [None],
 'range_multi_buffers': [None],
 'range_num_stages': [0],
 'range_unroll_factors': [0],
 'range_warp_specializes': [],
 'reduction_loops': [None]}
[6s] Fitting surrogate: 47 points, 47 targets
[6s] Generation 5 starting: 15 neighbors, 1 active search path(s)
Generation 5: precompiling 100% ━━━━━━━━━━━━━━━━━━━━━━━━━━━ 15/15 19.3 configs/s
Generation 5: exploring neighbors 100% ━━━━━━━━━━━━━━━━━━━━ 15/15 16.8 configs/s
[8s] Generation 5 complete: 
ok=16
min=0.0065
mid=0.0065
max=0.0081
best={'block_sizes': [1],
 'indexing': ['pointer', 'pointer', 'tensor_descriptor', 'pointer', 'pointer', 'pointer',
              'pointer'],
 'load_eviction_policies': ['', '', '', '', ''],
 'num_stages': 1,
 'num_warps': 8,
 'pid_type': 'flat',
 'range_flattens': [None],
 'range_multi_buffers': [None],
 'range_num_stages': [0],
 'range_unroll_factors': [0],
 'range_warp_specializes': [],
 'reduction_loops': [None]}
[8s] Fitting surrogate: 63 points, 63 targets
[8s] Autotuning complete in 8.2s after searching 57 configs.
One can hardcode the best config and skip autotuning with:
    @helion.kernel(config=helion.Config(block_sizes=[1], indexing=['pointer', 'pointer', 'tensor_descriptor', 'pointer', 'pointer', 'pointer', 'pointer'], load_eviction_policies=['', '', '', '', ''], num_stages=1, num_warps=8, pid_type='flat', range_flattens=[None], range_multi_buffers=[None], range_num_stages=[0], range_unroll_factors=[0], range_warp_specializes=[], reduction_loops=[None]), static_shapes=False)

[8s] Code of selected kernel: /tmp/torchinductor_dev/jq/cjqa62qpjkmzwumornmtp4jmnhngfddg5snwis2qbqcqhir2mmcj.py
[AOT collect] Saved config for kernel=rms_norm shape_hash=19f2f948 hashes=[['4f35e138', '9dd495ce'], ['4f35e138', '9dd495ce'], ['88f82a38']] to /workspace/helion-08/helion/examples/demo/03_aot_data/20260312_230445_4d7000/tuned_configs_cuda_NVIDIA_H200_12.8.json
[0s] Starting autotuning process, this may take a while...
[0s] Autotune random seed: 3830163233
[0s] Starting LFBOTreeSearch with initial_population=FROM_DEFAULT, copies=2, max_generations=5, similarity_penalty=1.0
     (512, 2048)   0.0393    106.7
Initial population precompiling 100% ━━━━━━━━━━━━━━━━━━━━━━━━━━━ 1/1 - configs/s
Initial population exploring neighbors 100% ━━━━━━━━━━━━━━━━━━━━ 1/1 - configs/s
[0s] Adaptive compile timeout: 30s (90% percentile=0.1s, bounds=[30.0s, 30s])
[0s] Initial random population of 1, 1 starting points: 
ok=1
min=0.0111
mid=0.0111
max=0.0111
best={'block_sizes': [1],
 'indexing': ['pointer', 'pointer', 'pointer', 'pointer', 'pointer', 'pointer', 'pointer'],
 'load_eviction_policies': ['', '', '', '', ''],
 'num_stages': 1,
 'num_warps': 4,
 'pid_type': 'flat',
 'range_flattens': [None],
 'range_multi_buffers': [None],
 'range_num_stages': [0],
 'range_unroll_factors': [0],
 'range_warp_specializes': [],
 'reduction_loops': [None]}
[0s] All labels are identical, skip training surrogate.
[0s] Generation 1 starting: 6 neighbors, 1 active search path(s)
Generation 1: precompiling 100% ━━━━━━━━━━━━━━━━━━━━━━━━━━━━━ 7/7 14.6 configs/s
Generation 1: exploring neighbors 100% ━━━━━━━━━━━━━━━━━━━━━━ 7/7 17.9 configs/s
[1s] Generation 1 complete: 
ok=8
min=0.0105
mid=0.0121
max=0.0142
best={'block_sizes': [2],
 'indexing': ['pointer', 'pointer', 'pointer', 'pointer', 'pointer', 'pointer', 'pointer'],
 'load_eviction_policies': ['', '', '', '', ''],
 'num_stages': 1,
 'num_warps': 8,
 'pid_type': 'flat',
 'range_flattens': [None],
 'range_multi_buffers': [None],
 'range_num_stages': [0],
 'range_unroll_factors': [0],
 'range_warp_specializes': [],
 'reduction_loops': [None]}
[1s] Fitting surrogate: 9 points, 9 targets
[1s] Generation 2 starting: 6 neighbors, 1 active search path(s)
Generation 2: precompiling 100% ━━━━━━━━━━━━━━━━━━━━━━━━━━━━━━ 6/6 1.6 configs/s
Generation 2: exploring neighbors 100% ━━━━━━━━━━━━━━━━━━━━━━ 6/6 17.0 configs/s
[3s] Generation 2 complete: 
ok=7
min=0.0105
mid=0.0130
max=0.0967
best={'block_sizes': [2],
 'indexing': ['pointer', 'pointer', 'pointer', 'pointer', 'pointer', 'pointer', 'pointer'],
 'load_eviction_policies': ['', '', '', '', ''],
 'num_stages': 1,
 'num_warps': 8,
 'pid_type': 'flat',
 'range_flattens': [None],
 'range_multi_buffers': [None],
 'range_num_stages': [0],
 'range_unroll_factors': [0],
 'range_warp_specializes': [],
 'reduction_loops': [None]}
[3s] Fitting surrogate: 16 points, 16 targets
[4s] Generation 3 starting: 7 neighbors, 1 active search path(s)
Generation 3: precompiling 100% ━━━━━━━━━━━━━━━━━━━━━━━━━━━━━━ 7/7 7.8 configs/s
Generation 3: exploring neighbors 100% ━━━━━━━━━━━━━━━━━━━━━━ 7/7 18.2 configs/s
[5s] Generation 3 complete: 
ok=8
min=0.0103
mid=0.0105
max=0.0137
best={'block_sizes': [2],
 'indexing': ['pointer', 'tensor_descriptor', 'pointer', 'pointer', 'pointer', 'pointer',
              'pointer'],
 'load_eviction_policies': ['', '', '', '', ''],
 'num_stages': 1,
 'num_warps': 16,
 'pid_type': 'flat',
 'range_flattens': [None],
 'range_multi_buffers': [None],
 'range_num_stages': [0],
 'range_unroll_factors': [0],
 'range_warp_specializes': [],
 'reduction_loops': [None]}
[5s] Fitting surrogate: 24 points, 24 targets
[5s] Generation 4 starting: 9 neighbors, 1 active search path(s)
2026-03-12 23:05:17,097 - INFO - Collected 3 configs for 1 kernels
2026-03-12 23:05:17,097 - INFO - ============================================================
2026-03-12 23:05:17,097 - INFO - PHASE 2: Measuring configs across shapes
2026-03-12 23:05:17,097 - INFO - ============================================================
2026-03-12 23:05:17,097 - INFO - Running measure phase: /workspace/helion-08/.venv/bin/python /workspace/helion-08/helion/examples/demo/03_aot.py
2026-03-12 23:05:17,097 - INFO - Environment overrides: {'HELION_AOT_MODE': 'measure', 'HELION_AOT_DATA_DIR': '/workspace/helion-08/helion/examples/demo/03_aot_data/20260312_230445_4d7000', 'HELION_AUTOTUNE_CACHE': 'AOTAutotuneCache'}
2026-03-12 23:05:23,816 - INFO - Recorded 9 measurements
2026-03-12 23:05:23,816 - INFO - ============================================================
2026-03-12 23:05:23,816 - INFO - PHASE 3: Building heuristics
2026-03-12 23:05:23,816 - INFO - ============================================================
2026-03-12 23:05:23,817 - INFO - Generating heuristic for kernel: rms_norm

=== Generating heuristic for kernel: rms_norm ===

=== Score Matrix (shapes x configs) ===
Times in ms, * = best for shape, - = invalid

Shape          158e805f   3d49667a   67f88c78       Best
--------------------------------------------------------
19f2f948         0.0081     0.0077    *0.0077 0.0077
3e833dc2         0.0064     0.0065    *0.0062 0.0062
6aef783d        *0.0104     0.0111     0.0105 0.0104

========================================
Total measurements: 9
Invalid measurements: 0
Min timing: 0.0062ms
Max timing: 0.0111ms
2026-03-12 23:05:23,817 - INFO -   Selected 1 configs with max_slowdown=1.05x, geomean_slowdown=1.03x

Selected 1 configs: max_slowdown=1.05x, geomean_slowdown=1.03x

=== Shape Feature Selection ===
Original features: 11
Selected features: 1
Removed features: 10

Removed features:
  - arg0_ndim: constant value: 2.0
  - arg0_dtype_size: constant value: 2.0
  - arg0_dtype_cat: constant value: 2.0
  - arg1_ndim: constant value: 1.0
  - arg1_dtype_size: constant value: 2.0
  - arg1_dtype_cat: constant value: 2.0
  - arg0_dim1: fully dependent on arg0_dim0 (corr=1.0000)
  - arg0_numel: functionally dependent on arg0_dim0
  - arg1_dim0: fully dependent on arg0_dim0 (corr=1.0000)
  - arg1_numel: fully dependent on arg0_dim0 (corr=1.0000)

Surviving features:
  + arg0_dim0
================================
2026-03-12 23:05:23,819 - INFO -   Model accuracy: 100.00%

Model accuracy: 100.00%
2026-03-12 23:05:23,819 - INFO -   Saved heuristic to /workspace/helion-08/helion/examples/demo/03_aot_data/20260312_230445_4d7000/heuristic_rms_norm.py
2026-03-12 23:05:23,819 - INFO -   Saved combined heuristic for 1 kernel(s) to: /workspace/helion-08/helion/examples/demo/_helion_aot_03_aot_cuda_sm90.py
2026-03-12 23:05:23,820 - INFO - Saved heuristic summary to /workspace/helion-08/helion/examples/demo/03_aot_data/20260312_230445_4d7000/heuristic_summary_cuda_NVIDIA_H200_12.8.json
2026-03-12 23:05:23,820 - INFO - ============================================================
2026-03-12 23:05:23,820 - INFO - PHASE 4: Evaluating heuristics
2026-03-12 23:05:23,820 - INFO - ============================================================
2026-03-12 23:05:23,821 - INFO - Running evaluate phase: /workspace/helion-08/.venv/bin/python /workspace/helion-08/helion/examples/demo/03_aot.py
2026-03-12 23:05:23,821 - INFO - Environment overrides: {'HELION_AOT_MODE': 'evaluate', 'HELION_AOT_DATA_DIR': '/workspace/helion-08/helion/examples/demo/03_aot_data/20260312_230445_4d7000', 'HELION_AUTOTUNE_CACHE': 'AOTAutotuneCache'}
2026-03-12 23:05:29,185 - INFO - Saved evaluation results to /workspace/helion-08/helion/examples/demo/03_aot_data/20260312_230445_4d7000/evaluation_cuda_NVIDIA_H200_12.8.json
2026-03-12 23:05:29,186 - INFO - ============================================================
2026-03-12 23:05:29,186 - INFO - AOT autotuning workflow completed successfully!
2026-03-12 23:05:29,186 - INFO - ============================================================
2026-03-12 23:05:29,186 - INFO - To emit standalone Triton files (no helion deps), re-run with --standalone
2026-03-12 23:05:29,186 - INFO - Run directory: /workspace/helion-08/helion/examples/demo/03_aot_data/20260312_230445_4d7000
Generation 4: precompiling 100% ━━━━━━━━━━━━━━━━━━━━━━━━━━━ 10/10 13.1 configs/s
Generation 4: exploring neighbors 100% ━━━━━━━━━━━━━━━━━━━━ 10/10 17.4 configs/s
[6s] Generation 4 complete: 
ok=11
min=0.0103
mid=0.0107
max=0.0176
best={'block_sizes': [2],
 'indexing': ['pointer', 'tensor_descriptor', 'pointer', 'pointer', 'pointer', 'pointer',
              'pointer'],
 'load_eviction_policies': ['', '', '', '', ''],
 'num_stages': 1,
 'num_warps': 16,
 'pid_type': 'flat',
 'range_flattens': [None],
 'range_multi_buffers': [None],
 'range_num_stages': [0],
 'range_unroll_factors': [0],
 'range_warp_specializes': [],
 'reduction_loops': [None]}
[6s] Fitting surrogate: 35 points, 35 targets
[7s] Generation 5 starting: 7 neighbors, 1 active search path(s)
Generation 5: precompiling 100% ━━━━━━━━━━━━━━━━━━━━━━━━━━━━━━ 7/7 6.9 configs/s
Generation 5: exploring neighbors 100% ━━━━━━━━━━━━━━━━━━━━━━ 7/7 17.8 configs/s
[8s] Generation 5 complete: 
ok=9
min=0.0103
mid=0.0105
max=0.0175
best={'block_sizes': [2],
 'indexing': ['pointer', 'tensor_descriptor', 'pointer', 'pointer', 'pointer', 'pointer',
              'pointer'],
 'load_eviction_policies': ['', '', '', '', ''],
 'num_stages': 1,
 'num_warps': 16,
 'pid_type': 'flat',
 'range_flattens': [None],
 'range_multi_buffers': [None],
 'range_num_stages': [0],
 'range_unroll_factors': [0],
 'range_warp_specializes': [],
 'reduction_loops': [None]}
[8s] Fitting surrogate: 44 points, 44 targets
[8s] Autotuning complete in 8.3s after searching 38 configs.
One can hardcode the best config and skip autotuning with:
    @helion.kernel(config=helion.Config(block_sizes=[2], indexing=['pointer', 'tensor_descriptor', 'pointer', 'pointer', 'pointer', 'pointer', 'pointer'], load_eviction_policies=['', '', '', '', ''], num_stages=1, num_warps=16, pid_type='flat', range_flattens=[None], range_multi_buffers=[None], range_num_stages=[0], range_unroll_factors=[0], range_warp_specializes=[], reduction_loops=[None]), static_shapes=False)

[8s] Code of selected kernel: /tmp/torchinductor_dev/js/cjsf6657wntn72xcad2shwkvyqxczwapav2zq6ixsypx5dtlzdti.py
[AOT collect] Saved config for kernel=rms_norm shape_hash=6aef783d hashes=[['7cd117ab', 'c53defa9'], ['7cd117ab', 'c53defa9'], ['5b95be35']] to /workspace/helion-08/helion/examples/demo/03_aot_data/20260312_230445_4d7000/tuned_configs_cuda_NVIDIA_H200_12.8.json
    (1024, 4096)   0.0436    385.1
[AOT] Mode: measure, Data dir: /workspace/helion-08/helion/examples/demo/03_aot_data/20260312_230445_4d7000, Hardware: cuda_NVIDIA_H200_12.8
[AOT] Loaded 3 existing configs
[0s] Autotune random seed: 3830194665
[AOT measure] Testing 3 configs for rms_norm shape_hash=3e833dc2
AOT mode: measure
           Shape       ms     GB/s
[AOT measure] Config 1/3: 0.0065ms
[AOT measure] Config 2/3: 0.0062ms
[AOT measure] Config 3/3: 0.0064ms
[AOT measure] Completed: 3/3 configs succeeded
[0s] Autotune random seed: 3830194665
[AOT measure] Testing 3 configs for rms_norm shape_hash=19f2f948
     (256, 1024)   0.0377     27.8
[AOT measure] Config 1/3: 0.0077ms
[AOT measure] Config 2/3: 0.0077ms
[AOT measure] Config 3/3: 0.0081ms
[AOT measure] Completed: 3/3 configs succeeded
[0s] Autotune random seed: 3830194665
[AOT measure] Testing 3 configs for rms_norm shape_hash=6aef783d
     (512, 2048)   0.0386    108.6
[AOT measure] Config 1/3: 0.0111ms
[AOT measure] Config 2/3: 0.0105ms
[AOT measure] Config 3/3: 0.0104ms
[AOT measure] Completed: 3/3 configs succeeded
    (1024, 4096)   0.0416    403.7
Using cached config:
	@helion.kernel(config=helion.Config(block_sizes=[2], indexing=['pointer', 'tensor_descriptor', 'pointer', 'pointer', 'pointer', 'pointer', 'pointer'], load_eviction_policies=['', '', '', '', ''], num_stages=1, num_warps=16, pid_type='flat', range_flattens=[None], range_multi_buffers=[None], range_num_stages=[0], range_unroll_factors=[0], range_warp_specializes=[], reduction_loops=[None]), static_shapes=False)
[0s] Found cached config for rms_norm, skipping autotuning.

AOT mode: evaluate
           Shape       ms     GB/s
     (256, 1024)   0.0280     37.4
     (512, 2048)   0.0263    159.5
    (1024, 4096)   0.0238    706.0
