-- Approach 1: closure epilogue (works today) --
Quantize fused inside the kernel, no extra memory traffic.

from __future__ import annotations

import torch
import triton
import triton.language as tl
from torch._inductor.runtime import triton_helpers
from torch._inductor.runtime.triton_compat import libdevice
from helion.runtime import default_launcher as _default_launcher

import __main__ as _source_module

@triton.jit
def _helion_rms_norm(x, weight, out, eps, _RDIM_SIZE_1: tl.constexpr):
    # src[08_torch_compile.py:18]: for tile_m in hl.tile(m):
    pid_0 = tl.program_id(0)
    offset_0 = pid_0
    indices_0 = offset_0 + tl.zeros([1], tl.int32)
    indices_1 = tl.arange(0, _RDIM_SIZE_1).to(tl.int32)
    # src[08_torch_compile.py:19]: row = x[tile_m, :].to(torch.float32)
    load = tl.load(x + (indices_0[:, None] * 1024 + indices_1[None, :] * 1), None)
    v_0 = tl.cast(load, tl.float32)
    # src[08_torch_compile.py:20]: rms = torch.sqrt(torch.mean(row * row, dim=-1) + eps)
    v_1 = v_0 * v_0
    mean_extra = tl.cast(tl.sum(v_1, 1), tl.float32)
    v_2 = 1024
    v_3 = tl.cast(v_2, tl.float32)
    v_4 = mean_extra / v_3
    v_5 = v_4 + eps
    v_6 = tl.sqrt_rn(v_5)
    # src[08_torch_compile.py:21]: normalized = row / rms[:, None] * weight[:].to(torch.float32)
    subscript = v_6[:, None]
    v_7 = v_0 / subscript
    load_1 = tl.load(weight + indices_1 * 1, None)
    v_8 = tl.cast(load_1, tl.float32)
    v_9 = v_8[None, :]
    v_10 = v_7 * v_9
    # src[08_torch_compile.py:22]: out[tile_m, :] = epilogue(normalized, tile_m).to(out.dtype)
    v_11 = 0.0
    v_12 = v_10 * v_11
    v_13 = libdevice.nearbyint(v_12)
    v_14 = -128.0
    v_15 = triton_helpers.maximum(v_13, v_14)
    v_16 = 127.0
    v_17 = triton_helpers.minimum(v_15, v_16)
    v_18 = tl.cast(v_17, tl.bfloat16)
    tl.store(out + (indices_0[:, None] * 1024 + indices_1[None, :] * 1), v_18, None)

def rms_norm(x: torch.Tensor, weight: torch.Tensor, epilogue=lambda out, tile: out, eps: float=1e-05, *, _launcher=_default_launcher):
    # src[08_torch_compile.py:16]: m, n = x.size()
    m, n = x.size()
    # src[08_torch_compile.py:17]: out = torch.empty_like(x)
    out = torch.empty_like(x)
    # src[08_torch_compile.py:18]: for tile_m in hl.tile(m):
    _RDIM_SIZE_1 = 1024
    # src[08_torch_compile.py:18]: for tile_m in hl.tile(m):
    # src[08_torch_compile.py:19]:     row = x[tile_m, :].to(torch.float32)
    # src[08_torch_compile.py:20]:     rms = torch.sqrt(torch.mean(row * row, dim=-1) + eps)
    # src[08_torch_compile.py:18-22]: ...
    _launcher(_helion_rms_norm, (256,), x, weight, out, eps, _RDIM_SIZE_1, num_warps=4, num_stages=1)
    # src[08_torch_compile.py:23]: return out
    return out
-- Approach 2: Inductor fusion (coming soon) --
torch.compile auto-fuses quantize epilogue into Helion launch.
  compiled = torch.compile(rms_norm_quantized_inductor, backend='inductor')
